MPASM 5.87                        PRENSA.ASM   3-28-2021  22:32:22         PAGE  1


LOC  OBJECT CODE     LINE SOURCE TEXT
  VALUE

                      00001 #include <P16F877A.INC>         ; Arquivo de include do uC usado, no caso PIC16F877A
                      00001         LIST
                      00002 
                      00003 ;==========================================================================
                      00004 ; Build date : Jan 06 2020
                      00005 ;  MPASM PIC16F877A processor include
                      00006 ; 
                      00007 ;  (c) Copyright 1999-2020 Microchip Technology, All rights reserved
                      00008 ;==========================================================================
                      00009 
                      00567         LIST
                      00002 
                      00003 #define f 0
                      00004 #define d 0
                      00005     
                      00006     #define add1 0
                      00007     #define add2 0
                      00008 ;Palavra de configura??o, desabilita e habilita algumas op??es internas
                      00009 
                      00010 
2007   3F39           00011   __CONFIG  _CP_OFF & _CPD_OFF & _DEBUG_OFF & _LVP_OFF & _WRT_OFF & _BODEN_OFF & _PWRTE_OFF & _WDT_OFF &
                             _XT_OSC
                      00012 
                      00013 ;***** defini??o de Vari?veis  *****************************
                      00014 ;cria constantes para o programa
                      00015 
                      00016         cblock 0x20
  00000020            00017                 tempo           
  00000021            00018                 tempo1                  ; Vari?veis usadas na rotina de delay.
                      00019         endc 
                      00020 
                      00021 
                      00022 
                      00023 
                      00024 ;******** Vetor de Reset do uC**************
                      00025 
                      00026  org 0x00                               ; Vetor de reset do uC.
0000   2???           00027  goto inicio                        ; Desvia para o inicio do programa.
                      00028 
                      00029 
                      00030 ;***************** cria??o de subrotinas******************************************
0001                  00031 Delay:
0001   30FF           00032    movlw        0xFF       ; Carrega 255 em W
0002   00A0           00033    movwf        tempo      ; Passa o 255 de W para a vari?vel tempo
                      00034    
                      00035 
0003   30FF           00036 denovo:   movlw    0xFF     ;carrega 255 em W
0004   00A1           00037           movwf    tempo1   ;Passa o 255 de W para a vari?vel tempo1
0005   0BA0           00038           decfsz   tempo,F  ;dec 1 unidade tempo e pula se zero
0006   2???           00039           goto     repete  
0007   2???           00040           goto     sai  
                      00041            
0008                  00042 repete:    
MPASM 5.87                        PRENSA.ASM   3-28-2021  22:32:22         PAGE  2


LOC  OBJECT CODE     LINE SOURCE TEXT
  VALUE

0008   0BA1           00043           decfsz   tempo1,F
0009   2???           00044           goto     repete
000A   2???           00045           goto     denovo
000B                  00046 sai:
000B   0008           00047  Return
                      00048  
Warning[207]: Found label after column 1. (ligaled)
000C                  00049  ligaled:
000C   1607           00050     bsf PORTC,4
000D   2???           00051     call Delay
000E   2???           00052     call Delay
000F   1207           00053     bcf PORTC,4
0010   2???           00054     goto loop
0011   0008           00055  return
                      00056  
Warning[207]: Found label after column 1. (E1)
0012                  00057  E1:
                      00058         
0012   1008           00059     bcf PORTD,0
0013   1088           00060     bcf PORTD,1
0014   1108           00061     bcf PORTD,2
0015   1188           00062     bcf PORTD,3
0016   2???           00063     call Delay
                      00064     
0017   0806           00065     movf    PORTB,W         ;Le o PortB.
0018   1E06           00066     btfss   PORTB,4
0019   2???           00067     goto cum
001A   2???           00068     goto E1
                      00069     
001B   0008           00070  return
                      00071  
Warning[207]: Found label after column 1. (E2)
001C                  00072  E2:
                      00073     
                      00074     
001C   1008           00075     bcf PORTD,0
001D   1088           00076     bcf PORTD,1
001E   1108           00077     bcf PORTD,2
001F   1188           00078     bcf PORTD,3
0020   2???           00079     call Delay
                      00080      
0021   0806           00081     movf    PORTB,W         ;Le o PortB.
0022   1E06           00082     btfss   PORTB,4
0023   2???           00083     goto cum
                      00084     
                      00085     ;call ligaled
                      00086     
0024   2???           00087     goto E2
0025   0008           00088  return
                      00089  
Warning[207]: Found label after column 1. (E3)
0026                  00090  E3:
                      00091     
MPASM 5.87                        PRENSA.ASM   3-28-2021  22:32:22         PAGE  3


LOC  OBJECT CODE     LINE SOURCE TEXT
  VALUE

                      00092     
0026   1008           00093     bcf PORTD,0
0027   1088           00094     bcf PORTD,1
0028   1108           00095     bcf PORTD,2
0029   1188           00096     bcf PORTD,3
002A   2???           00097     call Delay
                      00098     
002B   0806           00099     movf    PORTB,W         ;Le o PortB.
002C   1E06           00100     btfss   PORTB,4
002D   2???           00101     goto cum
                      00102     
002E   2???           00103     goto E3
002F   0008           00104  return
                      00105  
Warning[207]: Found label after column 1. (E4)
0030                  00106  E4:
                      00107     
0030   1008           00108     bcf PORTD,0
0031   1088           00109     bcf PORTD,1
0032   1108           00110     bcf PORTD,2
0033   1188           00111     bcf PORTD,3
0034   2???           00112     call Delay
                      00113     
0035   0806           00114     movf    PORTB,W         ;Le o PortB.
0036   1E06           00115     btfss   PORTB,4
0037   2???           00116     goto cum
                      00117     
0038   2???           00118     goto E4
0039   0008           00119  return
                      00120  
Warning[207]: Found label after column 1. (E5)
003A                  00121  E5:
                      00122     
                      00123     
003A   1008           00124     bcf PORTD,0
003B   1088           00125     bcf PORTD,1
003C   1108           00126     bcf PORTD,2
003D   1188           00127     bcf PORTD,3
003E   2???           00128     call Delay
                      00129     
003F   0806           00130     movf    PORTB,W         ;Le o PortB.
0040   1E06           00131     btfss   PORTB,4
0041   2???           00132     goto cum
                      00133     
0042   2???           00134     goto E5
0043   0008           00135  return
                      00136  
Warning[207]: Found label after column 1. (E6)
0044                  00137  E6:
                      00138     
                      00139     
0044   1008           00140     bcf PORTD,0
0045   1088           00141     bcf PORTD,1
MPASM 5.87                        PRENSA.ASM   3-28-2021  22:32:22         PAGE  4


LOC  OBJECT CODE     LINE SOURCE TEXT
  VALUE

0046   1108           00142     bcf PORTD,2
0047   1188           00143     bcf PORTD,3
0048   2???           00144     call Delay
                      00145     
0049   0806           00146     movf    PORTB,W         ;Le o PortB.
004A   1E06           00147     btfss   PORTB,4
004B   2???           00148     goto cum
                      00149     
004C   2???           00150     goto E6
004D   0008           00151  return
                      00152  
Warning[207]: Found label after column 1. (E7)
004E                  00153  E7:
                      00154     
                      00155     
004E   1008           00156     bcf PORTD,0
004F   1088           00157     bcf PORTD,1
0050   1108           00158     bcf PORTD,2
0051   1188           00159     bcf PORTD,3
0052   2???           00160     call Delay
                      00161     
0053   0806           00162     movf    PORTB,W         ;Le o PortB.
0054   1E06           00163     btfss   PORTB,4
0055   2???           00164     goto cum
                      00165     
0056   2???           00166     goto E7
0057   0008           00167  return
                      00168  
Warning[207]: Found label after column 1. (E8)
0058                  00169  E8:
                      00170     
                      00171     
0058   1008           00172     bcf PORTD,0
0059   1088           00173     bcf PORTD,1
005A   1108           00174     bcf PORTD,2
005B   1188           00175     bcf PORTD,3
005C   2???           00176     call Delay
                      00177     
005D   0806           00178     movf    PORTB,W         ;Le o PortB.
005E   1E06           00179     btfss   PORTB,4
005F   2???           00180     goto cum
                      00181     
0060   2???           00182     goto E8
0061   0008           00183  return
                      00184  
Warning[207]: Found label after column 1. (E9)
0062                  00185  E9:
                      00186     
                      00187   
0062   1408           00188     bsf PORTD,0
0063   1088           00189     bcf PORTD,1
0064   1108           00190     bcf PORTD,2
0065   1588           00191     bsf PORTD,3
MPASM 5.87                        PRENSA.ASM   3-28-2021  22:32:22         PAGE  5


LOC  OBJECT CODE     LINE SOURCE TEXT
  VALUE

0066   2???           00192     call Delay
                      00193    
0067   0806           00194     movf    PORTB,W         ;Le o PortB.
0068   1E06           00195     btfss   PORTB,4
0069   2???           00196     goto cum
                      00197     
006A   2???           00198     goto E9
006B   0008           00199  return
                      00200 ;****************** Inicio do programa *****************************************
                      00201 
006C                  00202 inicio:
                      00203     
006C   0185           00204         clrf    PORTA           ; Inicializa os Port's. Coloca todas pinos em 0.
006D   0186           00205         clrf    PORTB
006E   0187           00206         clrf    PORTC
006F   0188           00207         clrf    PORTD
0070   0189           00208         clrf    PORTE
                      00209 
0071   1683 1303      00210         banksel TRISA           ; Seleciona banco de mem?ria 1
                      00211         
0073   301F           00212         movlw   0x1f
Message[302]: Register in operand not in bank 0.  Ensure that bank bits are correct.
0074   0086           00213         movwf   TRISB           ; Configura PortA (A0,A1,A2,A3,A4 = Entradas, A5 = Sa?da).
                      00214         ;movlw  0xff            ; 1111 1111   1 = Input   0 = Output
                      00215         ;movwf  TRISB           ; Configura PortB como entrada.
                      00216         ;movlw  0x6f
0075   3000           00217         movlw   0x00
Message[302]: Register in operand not in bank 0.  Ensure that bank bits are correct.
0076   0087           00218         movwf   TRISC           ; Configura PortC (C4,C7 = Sa?das, C0,C1,C2,C3,C5,C6 = Entradas).
0077   3000           00219         movlw   0x00
Message[302]: Register in operand not in bank 0.  Ensure that bank bits are correct.
0078   0088           00220         movwf   TRISD           ; Configura PortD como sa?da.
0079   3007           00221         movlw   0x07
Message[302]: Register in operand not in bank 0.  Ensure that bank bits are correct.
007A   0089           00222         movwf   TRISE           ; Configura PortE como entrada e desliga Posta Paralela.
                      00223 
007B   3000           00224         movlw   0x00
Message[302]: Register in operand not in bank 0.  Ensure that bank bits are correct.
007C   0081           00225         movwf   OPTION_REG      ; Configura Op??es:
                      00226                                 ; Pull-Up habilitados.
                      00227                                 ; Interrup??o na borda de subida do sinal no pino B0.
                      00228                                 ; Timer0 incrementado pelo oscilador interno.
                      00229                                 ; Prescaler WDT 1:1.
                      00230                                 ; Prescaler Timer0 1:2.
                      00231 
007D   3090           00232         movlw   0x90
007E   008B           00233         movwf   INTCON          ; Habilita interrup??o RB0.
                      00234 
007F   3000           00235         movlw   0x00
Message[302]: Register in operand not in bank 0.  Ensure that bank bits are correct.
0080   008C           00236         movwf   PIE1            ; Desabilita interrup??es perif?ricas.
                      00237 
0081   3000           00238         movlw   0x00
MPASM 5.87                        PRENSA.ASM   3-28-2021  22:32:22         PAGE  6


LOC  OBJECT CODE     LINE SOURCE TEXT
  VALUE

Message[302]: Register in operand not in bank 0.  Ensure that bank bits are correct.
0082   008D           00239         movwf   PIE2            ; Desabilita interrup??es perif?ricas.
                      00240 
0083   3007           00241         movlw   0x07
0084   009F           00242         movwf   ADCON0          ; Desliga conversor A/D, PortA e PortE com I/O digital.
                      00243 
0085   3007           00244         movlw   0x07
Message[302]: Register in operand not in bank 0.  Ensure that bank bits are correct.
0086   009C           00245         movwf   CMCON           ; Desliga comparadores internos.
                      00246 
0087   3000           00247         movlw   0x00
Message[302]: Register in operand not in bank 0.  Ensure that bank bits are correct.
0088   009D           00248         movwf   CVRCON          ; Desliga m?dulo de ref?rencia interna de tens?o.
                      00249 
0089   0180           00250         clrf f  
008A   0180           00251         clrf d
008B   1283 1303      00252         banksel PORTA           ; Seleciona banco de mem?ria 0.
                      00253         
                      00254     
                      00255 
                      00256 ;*********************** Loop principal ****************************************
008D                  00257 loop: 
                      00258     
008D   1008           00259     bcf PORTD,0
008E   1088           00260     bcf PORTD,1
008F   1108           00261     bcf PORTD,2
0090   1188           00262     bcf PORTD,3
                      00263     
0091   0806           00264     movf    PORTB,W         ;Le o PortB.
0092   1C86           00265     btfss   PORTB,1     ;RB1 foi para 0, ou seja, foi acionada?
0093   2???           00266     goto    up             ;Mantem piscando  
                      00267     
0094   0806           00268     movf    PORTB,W         ;Le o PortB.
0095   1D06           00269     btfss   PORTB,2     ;RB1 foi para 0, ou seja, foi acionada?
0096   2???           00270     goto    down             ;Mantem piscando
                      00271     
0097   0806           00272     movf    PORTB,W         ;Le o PortB.
0098   1D86           00273     btfss   PORTB,3     ;RB1 foi para 0, ou seja, foi acionada?
0099   2???           00274     goto    enter             ;Mantem piscando
                      00275     
                      00276     ;movf    PORTB,W        ;Le o PortB.
                      00277    ; btfss   PORTB,4     ;RB1 foi para 0, ou seja, foi acionada?
                      00278     ;goto    pulse             ;Mantem piscando
                      00279     
                      00280     
009A   2???           00281     goto loop
                      00282     
Warning[207]: Found label after column 1. (up)
009B                  00283     up:
009B   2???           00284     goto um
                      00285     
                      00286     
Warning[207]: Found label after column 1. (down)
MPASM 5.87                        PRENSA.ASM   3-28-2021  22:32:22         PAGE  7


LOC  OBJECT CODE     LINE SOURCE TEXT
  VALUE

009C                  00287     down:
                      00288     
009C   2???           00289     goto loop
                      00290     
Warning[207]: Found label after column 1. (enter)
009D                  00291     enter:
                      00292     
009D   2???           00293     goto loop
                      00294     
                      00295     ;pulse:
                      00296     
                      00297     ;goto loop
                      00298     
Warning[207]: Found label after column 1. (um)
009E                  00299     um:
                      00300     
009E   1408           00301     bsf PORTD,0
009F   1088           00302     bcf PORTD,1
00A0   1108           00303     bcf PORTD,2
00A1   1188           00304     bcf PORTD,3
00A2   2???           00305     call Delay
                      00306     ;call Delay
00A3   0806           00307     movf    PORTB,W         ;Le o PortB.
00A4   1C86           00308     btfss   PORTB,1
00A5   2???           00309     goto dois
00A6   1D06           00310     btfss PORTB,2
00A7   2???           00311     goto zero
00A8   1D86           00312     btfss PORTB,3
00A9   2???           00313     call E1
00AA   2???           00314     goto um
                      00315     
                      00316     
Warning[207]: Found label after column 1. (dois)
00AB                  00317     dois:
00AB   1008           00318     bcf PORTD,0
00AC   1488           00319     bsf PORTD,1
00AD   1108           00320     bcf PORTD,2
00AE   1188           00321     bcf PORTD,3
00AF   2???           00322     call Delay
                      00323     ;call Delay
00B0   0806           00324     movf    PORTB,W         ;Le o PortB.
00B1   1C86           00325     btfss   PORTB,1
00B2   2???           00326     goto tres
00B3   1D06           00327     btfss PORTB,2
00B4   2???           00328     goto um
00B5   1D86           00329     btfss PORTB,3
00B6   2???           00330     call E2
00B7   2???           00331     goto dois
                      00332     
                      00333     
Warning[207]: Found label after column 1. (tres)
00B8                  00334     tres:
00B8   1408           00335     bsf PORTD,0
MPASM 5.87                        PRENSA.ASM   3-28-2021  22:32:22         PAGE  8


LOC  OBJECT CODE     LINE SOURCE TEXT
  VALUE

00B9   1488           00336     bsf PORTD,1
00BA   1108           00337     bcf PORTD,2
00BB   1188           00338     bcf PORTD,3
00BC   2???           00339     call Delay
                      00340     ;call Delay
00BD   0806           00341     movf    PORTB,W         ;Le o PortB.
00BE   1C86           00342     btfss   PORTB,1
00BF   2???           00343     goto quatro
00C0   1D06           00344     btfss PORTB,2
00C1   2???           00345     goto dois
00C2   1D86           00346     btfss PORTB,3
00C3   2???           00347     call E3
00C4   2???           00348     goto tres
                      00349     
Warning[207]: Found label after column 1. (quatro)
00C5                  00350     quatro:
00C5   1008           00351     bcf PORTD,0
00C6   1088           00352     bcf PORTD,1
00C7   1508           00353     bsf PORTD,2
00C8   1188           00354     bcf PORTD,3
00C9   2???           00355     call Delay
                      00356     ;call Delay
00CA   0806           00357     movf    PORTB,W         ;Le o PortB.
00CB   1C86           00358     btfss   PORTB,1
00CC   2???           00359     goto cinco
00CD   1D06           00360     btfss PORTB,2
00CE   2???           00361     goto tres
00CF   1D86           00362     btfss PORTB,3
00D0   2???           00363     call E4
00D1   2???           00364     goto quatro
                      00365     
Warning[207]: Found label after column 1. (cinco)
00D2                  00366     cinco:
00D2   1408           00367     bsf PORTD,0
00D3   1088           00368     bcf PORTD,1
00D4   1508           00369     bsf PORTD,2
00D5   1188           00370     bcf PORTD,3
00D6   2???           00371     call Delay
                      00372     ;call Delay
00D7   0806           00373     movf    PORTB,W         ;Le o PortB.
00D8   1C86           00374     btfss   PORTB,1
00D9   2???           00375     goto seis
00DA   1D06           00376     btfss PORTB,2
00DB   2???           00377     goto quatro
00DC   1D86           00378     btfss PORTB,3
00DD   2???           00379     call E5
00DE   2???           00380     goto cinco
                      00381     
Warning[207]: Found label after column 1. (seis)
00DF                  00382     seis:
00DF   1008           00383     bcf PORTD,0
00E0   1488           00384     bsf PORTD,1
00E1   1508           00385     bsf PORTD,2
MPASM 5.87                        PRENSA.ASM   3-28-2021  22:32:22         PAGE  9


LOC  OBJECT CODE     LINE SOURCE TEXT
  VALUE

00E2   1188           00386     bcf PORTD,3
00E3   2???           00387     call Delay
                      00388     ;call Delay
00E4   0806           00389     movf    PORTB,W         ;Le o PortB.
00E5   1C86           00390     btfss   PORTB,1
00E6   2???           00391     goto sete
00E7   1D06           00392     btfss PORTB,2
00E8   2???           00393     goto cinco
00E9   1D86           00394     btfss PORTB,3
00EA   2???           00395     call E6
00EB   2???           00396     goto seis
                      00397     
Warning[207]: Found label after column 1. (sete)
00EC                  00398     sete:
00EC   1408           00399     bsf PORTD,0
00ED   1488           00400     bsf PORTD,1
00EE   1508           00401     bsf PORTD,2
00EF   1188           00402     bcf PORTD,3
00F0   2???           00403     call Delay
                      00404     ;call Delay
00F1   0806           00405     movf    PORTB,W         ;Le o PortB.
00F2   1C86           00406     btfss   PORTB,1
00F3   2???           00407     goto oito
00F4   1D06           00408     btfss PORTB,2
00F5   2???           00409     goto seis
00F6   1D86           00410     btfss PORTB,3
00F7   2???           00411     call E7
00F8   2???           00412     goto sete
                      00413     
                      00414 
Warning[207]: Found label after column 1. (oito)
00F9                  00415     oito:
00F9   1008           00416     bcf PORTD,0
00FA   1088           00417     bcf PORTD,1
00FB   1108           00418     bcf PORTD,2
00FC   1588           00419     bsf PORTD,3
00FD   2???           00420     call Delay
                      00421     ;call Delay
00FE   0806           00422     movf    PORTB,W         ;Le o PortB.
00FF   1C86           00423     btfss   PORTB,1
0100   2???           00424     goto nove
0101   1D06           00425     btfss PORTB,2
0102   2???           00426     goto sete
0103   1D86           00427     btfss PORTB,3
0104   2???           00428     call E8
0105   2???           00429     goto oito
                      00430     
Warning[207]: Found label after column 1. (nove)
0106                  00431     nove:
0106   1408           00432     bsf PORTD,0
0107   1088           00433     bcf PORTD,1
0108   1108           00434     bcf PORTD,2
0109   1588           00435     bsf PORTD,3
MPASM 5.87                        PRENSA.ASM   3-28-2021  22:32:22         PAGE 10


LOC  OBJECT CODE     LINE SOURCE TEXT
  VALUE

010A   2???           00436     call Delay
                      00437     ;call Delay
010B   0806           00438     movf    PORTB,W         ;Le o PortB.
010C   1C86           00439     btfss   PORTB,1
010D   2???           00440     goto zero
010E   1D06           00441     btfss PORTB,2
010F   2???           00442     goto oito
0110   1D86           00443     btfss PORTB,3
0111   2???           00444     call E9
0112   2???           00445     goto nove
                      00446     
Warning[207]: Found label after column 1. (zero)
0113                  00447     zero:
0113   1008           00448     bcf PORTD,0
0114   1088           00449     bcf PORTD,1
0115   1108           00450     bcf PORTD,2
0116   1188           00451     bcf PORTD,3
0117   2???           00452     call Delay
                      00453     ;call Delay
0118   0806           00454     movf    PORTB,W         ;Le o PortB.
0119   1C86           00455     btfss   PORTB,1
011A   2???           00456     goto um
011B   2???           00457     goto zero
                      00458     
Warning[207]: Found label after column 1. (cum)
011C                  00459     cum:
                      00460     
011C   1408           00461     bsf PORTD,0
011D   1088           00462     bcf PORTD,1
011E   1108           00463     bcf PORTD,2
011F   1188           00464     bcf PORTD,3
0120   2???           00465     call Delay
                      00466     ;call Delay
0121   0806           00467     movf    PORTB,W         ;Le o PortB.
0122   1E06           00468     btfss   PORTB,4
0123   2???           00469     goto cdois
0124   2???           00470     call Delay
0125   0806           00471     movf    PORTB,W         ;Le o PortB.
0126   1E06           00472     btfss   PORTB,4
0127   2???           00473     goto cum
0128   2???           00474     goto ligaled     
                      00475     
Warning[207]: Found label after column 1. (cdois)
0129                  00476     cdois:
0129   1008           00477     bcf PORTD,0
012A   1488           00478     bsf PORTD,1
012B   1108           00479     bcf PORTD,2
012C   1188           00480     bcf PORTD,3
012D   2???           00481     call Delay
                      00482     ;call Delay
012E   0806           00483     movf    PORTB,W         ;Le o PortB.
012F   1E06           00484     btfss   PORTB,4
0130   2???           00485     goto ctres
MPASM 5.87                        PRENSA.ASM   3-28-2021  22:32:22         PAGE 11


LOC  OBJECT CODE     LINE SOURCE TEXT
  VALUE

0131   2???           00486     call Delay
0132   0806           00487     movf    PORTB,W         ;Le o PortB.
0133   1E06           00488     btfss   PORTB,4
0134   2???           00489     goto cdois
0135   2???           00490     goto ligaled       
                      00491     
Warning[207]: Found label after column 1. (ctres)
0136                  00492     ctres:
0136   1408           00493     bsf PORTD,0
0137   1488           00494     bsf PORTD,1
0138   1108           00495     bcf PORTD,2
0139   1188           00496     bcf PORTD,3
013A   2???           00497     call Delay
                      00498     ;call Delay
013B   0806           00499     movf    PORTB,W         ;Le o PortB.
013C   1E06           00500     btfss   PORTB,4
013D   2???           00501     goto cquatro
013E   2???           00502     call Delay
013F   0806           00503     movf    PORTB,W         ;Le o PortB.
0140   1E06           00504     btfss   PORTB,4
0141   2???           00505     goto ctres
0142   2???           00506     goto ligaled
                      00507     
Warning[207]: Found label after column 1. (cquatro)
0143                  00508     cquatro:
0143   1008           00509     bcf PORTD,0
0144   1088           00510     bcf PORTD,1
0145   1508           00511     bsf PORTD,2
0146   1188           00512     bcf PORTD,3
0147   2???           00513     call Delay
                      00514     ;call Delay
0148   0806           00515     movf    PORTB,W         ;Le o PortB.
0149   1E06           00516     btfss   PORTB,4
014A   2???           00517     goto ccinco
014B   2???           00518     call Delay
014C   0806           00519     movf    PORTB,W         ;Le o PortB.
014D   1E06           00520     btfss   PORTB,4
014E   2???           00521     goto cquatro
014F   2???           00522     goto ligaled
                      00523     
Warning[207]: Found label after column 1. (ccinco)
0150                  00524     ccinco:
0150   1408           00525     bsf PORTD,0
0151   1088           00526     bcf PORTD,1
0152   1508           00527     bsf PORTD,2
0153   1188           00528     bcf PORTD,3
0154   2???           00529     call Delay
                      00530     ;call Delay
0155   0806           00531     movf    PORTB,W         ;Le o PortB.
0156   1E06           00532     btfss   PORTB,4
0157   2???           00533     goto cseis
0158   2???           00534     call Delay
0159   0806           00535     movf    PORTB,W         ;Le o PortB.
MPASM 5.87                        PRENSA.ASM   3-28-2021  22:32:22         PAGE 12


LOC  OBJECT CODE     LINE SOURCE TEXT
  VALUE

015A   1E06           00536     btfss   PORTB,4
015B   2???           00537     goto ccinco
015C   2???           00538     goto ligaled
                      00539     
Warning[207]: Found label after column 1. (cseis)
015D                  00540     cseis:
015D   1008           00541     bcf PORTD,0
015E   1488           00542     bsf PORTD,1
015F   1508           00543     bsf PORTD,2
0160   1188           00544     bcf PORTD,3
0161   2???           00545     call Delay
                      00546     ;call Delay
0162   0806           00547     movf    PORTB,W         ;Le o PortB.
0163   1E06           00548     btfss   PORTB,4
0164   2???           00549     goto csete
0165   2???           00550     call Delay
0166   0806           00551     movf    PORTB,W         ;Le o PortB.
0167   1E06           00552     btfss   PORTB,4
0168   2???           00553     goto cseis
0169   2???           00554     goto ligaled
                      00555     
Warning[207]: Found label after column 1. (csete)
016A                  00556     csete:
016A   1408           00557     bsf PORTD,0
016B   1488           00558     bsf PORTD,1
016C   1508           00559     bsf PORTD,2
016D   1188           00560     bcf PORTD,3
016E   2???           00561     call Delay
                      00562     ;call Delay
016F   0806           00563     movf    PORTB,W         ;Le o PortB.
0170   1E06           00564     btfss   PORTB,4
0171   2???           00565     goto coito
0172   2???           00566     call Delay
0173   0806           00567     movf    PORTB,W         ;Le o PortB.
0174   1E06           00568     btfss   PORTB,4
0175   2???           00569     goto csete
0176   2???           00570     goto ligaled    
                      00571 
Warning[207]: Found label after column 1. (coito)
0177                  00572     coito:
0177   1008           00573     bcf PORTD,0
0178   1088           00574     bcf PORTD,1
0179   1108           00575     bcf PORTD,2
017A   1588           00576     bsf PORTD,3
017B   2???           00577     call Delay
                      00578     ;call Delay
017C   0806           00579     movf    PORTB,W         ;Le o PortB.
017D   1E06           00580     btfss   PORTB,4
017E   2???           00581     goto cnove
017F   2???           00582     call Delay
0180   0806           00583     movf    PORTB,W         ;Le o PortB.
0181   1E06           00584     btfss   PORTB,4
0182   2???           00585     goto coito
MPASM 5.87                        PRENSA.ASM   3-28-2021  22:32:22         PAGE 13


LOC  OBJECT CODE     LINE SOURCE TEXT
  VALUE

0183   2???           00586     goto ligaled 
                      00587     
Warning[207]: Found label after column 1. (cnove)
0184                  00588     cnove:
0184   1408           00589     bsf PORTD,0
0185   1088           00590     bcf PORTD,1
0186   1108           00591     bcf PORTD,2
0187   1588           00592     bsf PORTD,3
0188   2???           00593     call Delay
0189   2???           00594     call Delay
018A   0806           00595     movf    PORTB,W         ;Le o PortB.
018B   1E06           00596     btfss   PORTB,4
018C   2???           00597     goto cnove
018D   2???           00598     goto ligaled
                      00599     
3F39                  00600     end                     ; Fim do Programa.
MPASM 5.87                        PRENSA.ASM   3-28-2021  22:32:22         PAGE 14


SYMBOL TABLE
  LABEL                             VALUE 

ACKDT                             00000005
ACKEN                             00000004
ACKSTAT                           00000006
ADCON0                            0000001F
ADCON1                            0000009F
ADCS0                             00000006
ADCS1                             00000007
ADCS2                             00000006
ADDEN                             00000003
ADFM                              00000007
ADIE                              00000006
ADIF                              00000006
ADON                              00000000
ADRESH                            0000001E
ADRESL                            0000009E
BCLIE                             00000003
BCLIF                             00000003
BF                                00000000
BRGH                              00000002
C                                 00000000
C1INV                             00000004
C1OUT                             00000006
C2INV                             00000005
C2OUT                             00000007
CCP1CON                           00000017
CCP1IE                            00000002
CCP1IF                            00000002
CCP1M0                            00000000
CCP1M1                            00000001
CCP1M2                            00000002
CCP1M3                            00000003
CCP1X                             00000005
CCP1Y                             00000004
CCP2CON                           0000001D
CCP2IE                            00000000
CCP2IF                            00000000
CCP2M0                            00000000
CCP2M1                            00000001
CCP2M2                            00000002
CCP2M3                            00000003
CCP2X                             00000005
CCP2Y                             00000004
CCPR1                             00000015
CCPR1H                            00000016
CCPR1L                            00000015
CCPR2                             0000001B
CCPR2H                            0000001C
CCPR2L                            0000001B
CHS0                              00000003
CHS1                              00000004
CHS2                              00000005
CIS                               00000003
CKE                               00000006
MPASM 5.87                        PRENSA.ASM   3-28-2021  22:32:22         PAGE 15


SYMBOL TABLE
  LABEL                             VALUE 

CKP                               00000004
CM0                               00000000
CM1                               00000001
CM2                               00000002
CMCON                             0000009C
CMIE                              00000006
CMIF                              00000006
CREN                              00000004
CSRC                              00000007
CVR0                              00000000
CVR1                              00000001
CVR2                              00000002
CVR3                              00000003
CVRCON                            0000009D
CVREN                             00000007
CVROE                             00000006
CVRR                              00000005
D                                 00000005
DATA_ADDRESS                      00000005
DC                                00000001
D_A                               00000005
D_NOT_A                           00000005
Delay                             00000001
E1                                00000012
E2                                0000001C
E3                                00000026
E4                                00000030
E5                                0000003A
E6                                00000044
E7                                0000004E
E8                                00000058
E9                                00000062
EEADR                             0000010D
EEADRH                            0000010F
EECON1                            0000018C
EECON2                            0000018D
EEDATA                            0000010C
EEDATH                            0000010E
EEIE                              00000004
EEIF                              00000004
EEPGD                             00000007
F                                 00000001
FERR                              00000002
FSR                               00000004
GCEN                              00000007
GIE                               00000007
GO                                00000002
GO_DONE                           00000002
GO_NOT_DONE                       00000002
I2C_DATA                          00000005
I2C_READ                          00000002
I2C_START                         00000003
I2C_STOP                          00000004
MPASM 5.87                        PRENSA.ASM   3-28-2021  22:32:22         PAGE 16


SYMBOL TABLE
  LABEL                             VALUE 

IBF                               00000007
IBOV                              00000005
INDF                              00000000
INTCON                            0000000B
INTE                              00000004
INTEDG                            00000006
INTF                              00000001
IRP                               00000007
NOT_A                             00000005
NOT_ADDRESS                       00000005
NOT_BO                            00000000
NOT_BOR                           00000000
NOT_DONE                          00000002
NOT_PD                            00000003
NOT_POR                           00000001
NOT_RBPU                          00000007
NOT_RC8                           00000006
NOT_T1SYNC                        00000002
NOT_TO                            00000004
NOT_TX8                           00000006
NOT_W                             00000002
NOT_WRITE                         00000002
OBF                               00000006
OERR                              00000001
OPTION_REG                        00000081
P                                 00000004
PCFG0                             00000000
PCFG1                             00000001
PCFG2                             00000002
PCFG3                             00000003
PCL                               00000002
PCLATH                            0000000A
PCON                              0000008E
PEIE                              00000006
PEN                               00000002
PIE1                              0000008C
PIE2                              0000008D
PIR1                              0000000C
PIR2                              0000000D
PORTA                             00000005
PORTB                             00000006
PORTC                             00000007
PORTD                             00000008
PORTE                             00000009
PR2                               00000092
PS0                               00000000
PS1                               00000001
PS2                               00000002
PSA                               00000003
PSPIE                             00000007
PSPIF                             00000007
PSPMODE                           00000004
R                                 00000002
MPASM 5.87                        PRENSA.ASM   3-28-2021  22:32:22         PAGE 17


SYMBOL TABLE
  LABEL                             VALUE 

RA0                               00000000
RA1                               00000001
RA2                               00000002
RA3                               00000003
RA4                               00000004
RA5                               00000005
RB0                               00000000
RB1                               00000001
RB2                               00000002
RB3                               00000003
RB4                               00000004
RB5                               00000005
RB6                               00000006
RB7                               00000007
RBIE                              00000003
RBIF                              00000000
RC0                               00000000
RC1                               00000001
RC2                               00000002
RC3                               00000003
RC4                               00000004
RC5                               00000005
RC6                               00000006
RC7                               00000007
RC8_9                             00000006
RC9                               00000006
RCD8                              00000000
RCEN                              00000003
RCIE                              00000005
RCIF                              00000005
RCREG                             0000001A
RCSTA                             00000018
RD                                00000000
RD0                               00000000
RD1                               00000001
RD2                               00000002
RD3                               00000003
RD4                               00000004
RD5                               00000005
RD6                               00000006
RD7                               00000007
RE0                               00000000
RE1                               00000001
RE2                               00000002
READ_WRITE                        00000002
RP0                               00000005
RP1                               00000006
RSEN                              00000001
RX9                               00000006
RX9D                              00000000
R_NOT_W                           00000002
R_W                               00000002
S                                 00000003
MPASM 5.87                        PRENSA.ASM   3-28-2021  22:32:22         PAGE 18


SYMBOL TABLE
  LABEL                             VALUE 

SEN                               00000000
SMP                               00000007
SPBRG                             00000099
SPEN                              00000007
SREN                              00000005
SSPADD                            00000093
SSPBUF                            00000013
SSPCON                            00000014
SSPCON2                           00000091
SSPEN                             00000005
SSPIE                             00000003
SSPIF                             00000003
SSPM0                             00000000
SSPM1                             00000001
SSPM2                             00000002
SSPM3                             00000003
SSPOV                             00000006
SSPSTAT                           00000094
STATUS                            00000003
SYNC                              00000004
T0CS                              00000005
T0IE                              00000005
T0IF                              00000002
T0SE                              00000004
T1CKPS0                           00000004
T1CKPS1                           00000005
T1CON                             00000010
T1INSYNC                          00000002
T1OSCEN                           00000003
T1SYNC                            00000002
T2CKPS0                           00000000
T2CKPS1                           00000001
T2CON                             00000012
TMR0                              00000001
TMR0IE                            00000005
TMR0IF                            00000002
TMR1                              0000000E
TMR1CS                            00000001
TMR1H                             0000000F
TMR1IE                            00000000
TMR1IF                            00000000
TMR1L                             0000000E
TMR1ON                            00000000
TMR2                              00000011
TMR2IE                            00000001
TMR2IF                            00000001
TMR2ON                            00000002
TOUTPS0                           00000003
TOUTPS1                           00000004
TOUTPS2                           00000005
TOUTPS3                           00000006
TRISA                             00000085
TRISA0                            00000000
MPASM 5.87                        PRENSA.ASM   3-28-2021  22:32:22         PAGE 19


SYMBOL TABLE
  LABEL                             VALUE 

TRISA1                            00000001
TRISA2                            00000002
TRISA3                            00000003
TRISA4                            00000004
TRISA5                            00000005
TRISB                             00000086
TRISB0                            00000000
TRISB1                            00000001
TRISB2                            00000002
TRISB3                            00000003
TRISB4                            00000004
TRISB5                            00000005
TRISB6                            00000006
TRISB7                            00000007
TRISC                             00000087
TRISC0                            00000000
TRISC1                            00000001
TRISC2                            00000002
TRISC3                            00000003
TRISC4                            00000004
TRISC5                            00000005
TRISC6                            00000006
TRISC7                            00000007
TRISD                             00000088
TRISD0                            00000000
TRISD1                            00000001
TRISD2                            00000002
TRISD3                            00000003
TRISD4                            00000004
TRISD5                            00000005
TRISD6                            00000006
TRISD7                            00000007
TRISE                             00000089
TRISE0                            00000000
TRISE1                            00000001
TRISE2                            00000002
TRMT                              00000001
TX8_9                             00000006
TX9                               00000006
TX9D                              00000000
TXD8                              00000000
TXEN                              00000005
TXIE                              00000004
TXIF                              00000004
TXREG                             00000019
TXSTA                             00000098
UA                                00000001
W                                 00000000
WCOL                              00000007
WR                                00000001
WREN                              00000002
WRERR                             00000003
Z                                 00000002
MPASM 5.87                        PRENSA.ASM   3-28-2021  22:32:22         PAGE 20


SYMBOL TABLE
  LABEL                             VALUE 

_BODEN_OFF                        00003FBF
_BODEN_ON                         00003FFF
_BOREN_OFF                        00003FBF
_BOREN_ON                         00003FFF
_CONFIG                           00002007
_CPD_OFF                          00003FFF
_CPD_ON                           00003EFF
_CP_ALL                           00001FFF
_CP_OFF                           00003FFF
_CP_ON                            00001FFF
_DEBUG_OFF                        00003FFF
_DEBUG_ON                         000037FF
_DEVID1                           00002006
_FOSC_EXTRC                       00003FFF
_FOSC_HS                          00003FFE
_FOSC_LP                          00003FFC
_FOSC_XT                          00003FFD
_HS_OSC                           00003FFE
_IDLOC0                           00002000
_IDLOC1                           00002001
_IDLOC2                           00002002
_IDLOC3                           00002003
_LP_OSC                           00003FFC
_LVP_OFF                          00003F7F
_LVP_ON                           00003FFF
_PWRTE_OFF                        00003FFF
_PWRTE_ON                         00003FF7
_RC_OSC                           00003FFF
_WDTE_OFF                         00003FFB
_WDTE_ON                          00003FFF
_WDT_OFF                          00003FFB
_WDT_ON                           00003FFF
_WRT_1FOURTH                      00003BFF
_WRT_256                          00003DFF
_WRT_HALF                         000039FF
_WRT_OFF                          00003FFF
_XT_OSC                           00003FFD
__16F877A                         00000001
add1                              0
add2                              0
ccinco                            00000150
cdois                             00000129
cinco                             000000D2
cnove                             00000184
coito                             00000177
cquatro                           00000143
cseis                             0000015D
csete                             0000016A
ctres                             00000136
cum                               0000011C
d                                 0
denovo                            00000003
dois                              000000AB
MPASM 5.87                        PRENSA.ASM   3-28-2021  22:32:22         PAGE 21


SYMBOL TABLE
  LABEL                             VALUE 

down                              0000009C
enter                             0000009D
f                                 0
inicio                            0000006C
ligaled                           0000000C
loop                              0000008D
nove                              00000106
oito                              000000F9
quatro                            000000C5
repete                            00000008
sai                               0000000B
seis                              000000DF
sete                              000000EC
tempo                             00000020
tempo1                            00000021
tres                              000000B8
um                                0000009E
up                                0000009B
zero                              00000113

Errors   :     0
Warnings :    32 reported,     0 suppressed
Messages :     9 reported,     0 suppressed

